ISim log file
Running: /home/co-eda/Desktop/homework/P/P5/cpu/mips_tb_isim_beh.exe -intstyle ise -gui -tclbatch isim.cmd -wdb /home/co-eda/Desktop/homework/P/P5/cpu/mips_tb_isim_beh.wdb 
ISim P.20131013 (signature 0xfbc00daa)
----------------------------------------------------------------------
WARNING:Security:42 - Your software subscription period has lapsed. Your current version of Xilinx tools will continue to function, but you no longer qualify for Xilinx software updates or new releases.


----------------------------------------------------------------------
This is a Full version of ISim.
Time resolution is 1 ps
# onerror resume
# wave add /
# run 1000 ns
Simulator is doing circuit initialization process.
Finished circuit initialization process.
@00003010: $13 <= 00000000
@00003014: *00000000 <= 00000000
@00003018: $13 <= 00000000
@00003020: *00000004 <= 00000000
@0000301c: $16 <= 00000002
@00003024: $14 <= 00000000
@00003028: $16 <= 00000001
@00003030: *00000000 <= 00000000
@0000302c: $17 <= 00000002
@00003034: $ 8 <= 00000004
@00003038: $ 9 <= 00000008
@0000303c: $10 <= 0000000c
@00003040: $11 <= 00000010
@00003044: $12 <= fffffffc
@00003048: $13 <= 0000000c
@00003050: $16 <= 00000001
@00003058: $18 <= 00000003
@0000305c: $19 <= 00000004
@00003060: $14 <= 0000000c
@00003064: $16 <= 00000001
@0000306c: $16 <= 00000001
@00003074: $18 <= 00000003
@00003078: $19 <= 00000004
@0000307c: $15 <= 0000000c
@00003080: $16 <= 00000001
@00003084: $17 <= 00000002
@0000308c: $16 <= 00000001
@00003094: $18 <= 00000003
@00003098: $19 <= 00000004
@0000309c: $13 <= fffffffc
@000030a4: $16 <= 00000001
@000030ac: $18 <= 00000003
@000030b0: $19 <= 00000004
@000030b4: $14 <= fffffffc
@000030b8: $16 <= 00000001
@000030c0: $16 <= 00000001
@000030c8: $18 <= 00000003
@000030cc: $19 <= 00000004
@000030d0: $15 <= fffffffc
@000030d4: $16 <= 00000001
@000030d8: $17 <= 00000002
@000030e0: $16 <= 00000001
@000030e8: $18 <= 00000003
@000030ec: $19 <= 00000004
@000030f0: $ 8 <= 00000004
@000030f4: $ 9 <= 00000008
@000030f8: $10 <= 0000000c
@000030fc: $11 <= 00000010
@00003100: $12 <= fffffffc
@00003104: $13 <= 0000000c
@0000310c: $16 <= 00000001
@00003110: $17 <= 00000002
@00003114: $18 <= 00000003
@00003118: $19 <= 00000004
@0000311c: $14 <= 0000000c
@00003120: $16 <= 00000001
@00003128: $16 <= 00000001
@0000312c: $17 <= 00000002
@00003130: $18 <= 00000003
@00003134: $19 <= 00000004
@00003138: $15 <= 0000000c
@0000313c: $16 <= 00000001
@00003140: $17 <= 00000002
@00003148: $16 <= 00000001
@0000314c: $17 <= 00000002
@00003150: $18 <= 00000003
@00003154: $19 <= 00000004
@00003158: $13 <= fffffffc
@00003160: $16 <= 00000001
