ISim log file
Running: /home/co-eda/Desktop/homework/P/p6/cpu_v1/mips_tb_isim_beh.exe -intstyle ise -gui -tclbatch isim.cmd -wdb /home/co-eda/Desktop/homework/P/p6/cpu_v1/mips_tb_isim_beh.wdb 
ISim P.20131013 (signature 0xfbc00daa)
----------------------------------------------------------------------
WARNING:Security:42 - Your software subscription period has lapsed. Your current version of Xilinx tools will continue to function, but you no longer qualify for Xilinx software updates or new releases.


----------------------------------------------------------------------
This is a Full version of ISim.
Time resolution is 1 ps
# onerror resume
# wave add /
# run 1000 ns
Simulator is doing circuit initialization process.
Finished circuit initialization process.
                  65@00003000: $ 1 <= 00000001
                  75@00003004: $ 2 <= 00000002
                  85@00003008: $ 3 <= 00000003
                  85@0000300c: *00000004 <= 00000002
                  95@00003010: *00000004 <= 00030002
                 115@00003014: $ 4 <= 00000002
                 125@00003018: $ 5 <= 00030002
                 265@00003020: $ 7 <= 00000000
                 275@00003024: $ 6 <= 00018001
# restart
# run 1.00us
Simulator is doing circuit initialization process.
Finished circuit initialization process.
                  65@00003000: $ 1 <= 00000001
                  75@00003004: $ 2 <= 00000002
                  85@00003008: $ 3 <= 00000003
                  85@0000300c: *00000004 <= 00000002
                  95@00003010: *00000004 <= 00030002
                 115@00003014: $ 4 <= 00000002
                 125@00003018: $ 5 <= 00030002
                 265@00003020: $ 7 <= 00000000
                 275@00003024: $ 6 <= 00018001
# exit 0
