ISim log file
Running: /home/co-eda/Desktop/homework/P/P5/f_cpu/mips_tb_isim_beh.exe -intstyle ise -gui -tclbatch isim.cmd -wdb /home/co-eda/Desktop/homework/P/P5/f_cpu/mips_tb_isim_beh.wdb 
ISim P.20131013 (signature 0xfbc00daa)
----------------------------------------------------------------------
WARNING:Security:42 - Your software subscription period has lapsed. Your current version of Xilinx tools will continue to function, but you no longer qualify for Xilinx software updates or new releases.


----------------------------------------------------------------------
This is a Full version of ISim.
Time resolution is 1 ps
# onerror resume
# wave add /
# run 1000 ns
Simulator is doing circuit initialization process.
Finished circuit initialization process.
                  65@00003000: $ 8 <= 00000000
                  75@00003004: $ 9 <= 00000001
                  85@00003008: $10 <= 00000002
                  95@0000300c: $11 <= 00000003
                 105@00003010: $12 <= 00000004
                 115@00003014: $13 <= 00000005
                 125@00003018: $14 <= 00000006
                 135@0000301c: $15 <= 00000007
                 145@00003020: $24 <= 00000008
                 155@00003024: $25 <= 00000009
                 165@00003028: $16 <= 00000009
                 175@0000302c: $17 <= 0000000a
                 185@00003030: $18 <= 77770000
                 195@00003034: $19 <= ffff0000
                 205@00003038: $20 <= 00000000
                 225@00003040: $31 <= 00003048
                 235@00003044: $23 <= 00000001
                 265@0000305c: $ 8 <= 00000000
# exit 0
