ISim log file
Running: /home/co-eda/Desktop/homework/P/p6/cpu_v3/mips_tb_isim_beh.exe -intstyle ise -gui -tclbatch isim.cmd -wdb /home/co-eda/Desktop/homework/P/p6/cpu_v3/mips_tb_isim_beh.wdb 
ISim P.20131013 (signature 0xfbc00daa)
----------------------------------------------------------------------
WARNING:Security:42 - Your software subscription period has lapsed. Your current version of Xilinx tools will continue to function, but you no longer qualify for Xilinx software updates or new releases.


----------------------------------------------------------------------
This is a Full version of ISim.
Time resolution is 1 ps
# onerror resume
# wave add /
# run 1000 ns
Simulator is doing circuit initialization process.
Finished circuit initialization process.
                  65@00003000: $ 1 <= 00003004
                  65@00003004: *00000000 <= 00003004
                  85@00003008: $ 2 <= 00003004
                 125@00003004: *00000000 <= 00003004
                 145@00003008: $ 2 <= 00003004
                 185@00003004: *00000000 <= 00003004
                 205@00003008: $ 2 <= 00003004
                 245@00003004: *00000000 <= 00003004
                 265@00003008: $ 2 <= 00003004
                 305@00003004: *00000000 <= 00003004
                 325@00003008: $ 2 <= 00003004
                 365@00003004: *00000000 <= 00003004
                 385@00003008: $ 2 <= 00003004
                 425@00003004: *00000000 <= 00003004
                 445@00003008: $ 2 <= 00003004
                 485@00003004: *00000000 <= 00003004
                 505@00003008: $ 2 <= 00003004
                 545@00003004: *00000000 <= 00003004
                 565@00003008: $ 2 <= 00003004
                 605@00003004: *00000000 <= 00003004
                 625@00003008: $ 2 <= 00003004
                 665@00003004: *00000000 <= 00003004
                 685@00003008: $ 2 <= 00003004
                 725@00003004: *00000000 <= 00003004
                 745@00003008: $ 2 <= 00003004
                 785@00003004: *00000000 <= 00003004
                 805@00003008: $ 2 <= 00003004
                 845@00003004: *00000000 <= 00003004
                 865@00003008: $ 2 <= 00003004
                 905@00003004: *00000000 <= 00003004
                 925@00003008: $ 2 <= 00003004
                 965@00003004: *00000000 <= 00003004
                 985@00003008: $ 2 <= 00003004
# exit 0
