Running: /opt/Xilinx/14.7/ISE_DS/ISE/bin/lin64/unwrapped/fuse -intstyle ise -incremental -lib unisims_ver -lib unimacro_ver -lib xilinxcorelib_ver -lib secureip -o /home/co-eda/Desktop/homework/P/p6/cpu_expand/mips_tb_isim_beh.exe -prj /home/co-eda/Desktop/homework/P/p6/cpu_expand/mips_tb_beh.prj work.mips_tb work.glbl 
ISim P.20131013 (signature 0xfbc00daa)
Number of CPUs detected in this system: 1
Turning on mult-threading, number of parallel sub-compilation jobs: 0 
Determining compilation order of HDL files
Analyzing Verilog file "/home/co-eda/Desktop/homework/P/p6/cpu_expand/W_MUX_Wreg_3_1.v" into library work
Analyzing Verilog file "/home/co-eda/Desktop/homework/P/p6/cpu_expand/W_MUX_Wdata_3_1.v" into library work
Analyzing Verilog file "/home/co-eda/Desktop/homework/P/p6/cpu_expand/M_W_register.v" into library work
Analyzing Verilog file "/home/co-eda/Desktop/homework/P/p6/cpu_expand/M_MUX_Rdata2_3_1.v" into library work
Analyzing Verilog file "/home/co-eda/Desktop/homework/P/p6/cpu_expand/M_GRF_Wdata_3_1.v" into library work
Analyzing Verilog file "/home/co-eda/Desktop/homework/P/p6/cpu_expand/M_EXT.v" into library work
Analyzing Verilog file "/home/co-eda/Desktop/homework/P/p6/cpu_expand/GRF.v" into library work
Analyzing Verilog file "/home/co-eda/Desktop/homework/P/p6/cpu_expand/F_PC.v" into library work
Analyzing Verilog file "/home/co-eda/Desktop/homework/P/p6/cpu_expand/F_MUX_NPC_4_1.v" into library work
Analyzing Verilog file "/home/co-eda/Desktop/homework/P/p6/cpu_expand/F_D_register.v" into library work
Analyzing Verilog file "/home/co-eda/Desktop/homework/P/p6/cpu_expand/E_M_register.v" into library work
Analyzing Verilog file "/home/co-eda/Desktop/homework/P/p6/cpu_expand/E_MUX_data2_3_1.v" into library work
Analyzing Verilog file "/home/co-eda/Desktop/homework/P/p6/cpu_expand/E_MUX_data12_3_1.v" into library work
Analyzing Verilog file "/home/co-eda/Desktop/homework/P/p6/cpu_expand/E_MD.v" into library work
Analyzing Verilog file "/home/co-eda/Desktop/homework/P/p6/cpu_expand/E_GRF_Wdata.v" into library work
Analyzing Verilog file "/home/co-eda/Desktop/homework/P/p6/cpu_expand/E_ALU.v" into library work
Analyzing Verilog file "/home/co-eda/Desktop/homework/P/p6/cpu_expand/D_MUX_st_3_1.v" into library work
Analyzing Verilog file "/home/co-eda/Desktop/homework/P/p6/cpu_expand/D_E_register.v" into library work
Analyzing Verilog file "/home/co-eda/Desktop/homework/P/p6/cpu_expand/D_EXT.v" into library work
Analyzing Verilog file "/home/co-eda/Desktop/homework/P/p6/cpu_expand/D_CMP.v" into library work
Analyzing Verilog file "/home/co-eda/Desktop/homework/P/p6/cpu_expand/controller.v" into library work
Analyzing Verilog file "/home/co-eda/Desktop/homework/P/p6/cpu_expand/AT_controller.v" into library work
Analyzing Verilog file "/home/co-eda/Desktop/homework/P/p6/cpu_expand/mips.v" into library work
Analyzing Verilog file "/home/co-eda/Desktop/homework/P/p6/cpu_expand/mips_tb.v" into library work
Analyzing Verilog file "/opt/Xilinx/14.7/ISE_DS/ISE//verilog/src/glbl.v" into library work
Starting static elaboration
WARNING:HDLCompiler:1016 - "/home/co-eda/Desktop/homework/P/p6/cpu_expand/mips.v" Line 138: Port equal is not connected to this instance
WARNING:HDLCompiler:1016 - "/home/co-eda/Desktop/homework/P/p6/cpu_expand/mips.v" Line 230: Port M_adress is not connected to this instance
WARNING:HDLCompiler:1016 - "/home/co-eda/Desktop/homework/P/p6/cpu_expand/mips.v" Line 293: Port rs is not connected to this instance
WARNING:HDLCompiler:1016 - "/home/co-eda/Desktop/homework/P/p6/cpu_expand/mips.v" Line 348: Port M_adress is not connected to this instance
Completed static elaboration
Fuse Memory Usage: 83472 KB
Fuse CPU Usage: 350 ms
Compiling module AT_controller
Compiling module F_PC
Compiling module F_MUX_NPC_4_1
Compiling module F_D_register
Compiling module controller
Compiling module D_EXT
Compiling module GRF
Compiling module D_MUX_st_3_1
Compiling module D_CMP
Compiling module D_E_register
Compiling module E_ALU
Compiling module E_MD
Compiling module E_MUX_data2_3_1
Compiling module E_MUX_data12_3_1
Compiling module E_GRF_Wdata_3_1
Compiling module E_M_register
Compiling module M_EXT
Compiling module M_GRF_Wdata_3_1
Compiling module M_MUX_Rdata2_3_1
Compiling module M_W_register
Compiling module W_MUX_Wdata_3_1
Compiling module W_MUX_Wreg_3_1
Compiling module mips
Compiling module mips_tb
Compiling module glbl
Time Resolution for simulation is 1ps.
Compiled 25 Verilog Units
Built simulation executable /home/co-eda/Desktop/homework/P/p6/cpu_expand/mips_tb_isim_beh.exe
Fuse Memory Usage: 91692 KB
Fuse CPU Usage: 410 ms
GCC CPU Usage: 1650 ms
