ISim log file
Running: /home/co-eda/Desktop/homework/P/p6/cpu_expand/mips_tb_isim_beh.exe -intstyle ise -gui -tclbatch isim.cmd -wdb /home/co-eda/Desktop/homework/P/p6/cpu_expand/mips_tb_isim_beh.wdb 
INFO: There is another simulation running in the same directory. Using database file name isim1.wdb.
ISim P.20131013 (signature 0xfbc00daa)
----------------------------------------------------------------------
WARNING:Security:42 - Your software subscription period has lapsed. Your current version of Xilinx tools will continue to function, but you no longer qualify for Xilinx software updates or new releases.


----------------------------------------------------------------------
This is a Full version of ISim.
Time resolution is 1 ps
# onerror resume
# wave add /
# run 1000 ns
Simulator is doing circuit initialization process.
Finished circuit initialization process.
                  65@00003000: $ 1 <= 00000001
                  75@00003004: $ 2 <= 00000002
                 155@0000300c: $ 3 <= 00000002
                 175@00003010: $31 <= 00003018
                 185@00003014: $ 1 <= 00000001
                 265@00003020: $ 3 <= f6f6fdc2
                 295@00003028: $ 1 <= 00000001
                 305@0000302c: $ 2 <= 00000002
