ISim log file
Running: /home/co-eda/Desktop/homework/P/P5/cpu_v4/mips_tb_isim_beh.exe -intstyle ise -gui -tclbatch isim.cmd -wdb /home/co-eda/Desktop/homework/P/P5/cpu_v4/mips_tb_isim_beh.wdb 
ISim P.20131013 (signature 0xfbc00daa)
----------------------------------------------------------------------
WARNING:Security:42 - Your software subscription period has lapsed. Your current version of Xilinx tools will continue to function, but you no longer qualify for Xilinx software updates or new releases.


----------------------------------------------------------------------
This is a Full version of ISim.
Time resolution is 1 ps
# onerror resume
# wave add /
# run 1000 ns
Simulator is doing circuit initialization process.
Finished circuit initialization process.
                  65@00003000: $ 8 <= 00000008
                  75@00003004: $ 9 <= 00000008
                  85@00003008: $ 8 <= 00000008
                  95@0000300c: $10 <= 0000000c
                 105@00003010: $ 9 <= 00000008
                 115@00003014: $ 8 <= 00000008
                 125@00003018: $10 <= 0000000c
                 135@0000301c: $11 <= 0000000d
                 145@00003020: $ 9 <= 00000008
                 155@00003024: $ 8 <= 00000008
                 165@00003028: $ 9 <= 00000008
                 175@0000302c: $ 8 <= 00000008
                 185@00003030: $10 <= 0000000c
                 195@00003034: $ 9 <= 00000008
                 205@00003038: $ 8 <= 00000008
                 215@0000303c: $10 <= 0000000c
                 225@00003040: $11 <= 0000000d
                 235@00003044: $ 9 <= 00000008
                 245@00003048: $ 8 <= 00080000
                 255@0000304c: $ 9 <= 00080000
                 265@00003050: $ 8 <= 00080000
                 275@00003054: $10 <= 000c0000
                 285@00003058: $ 9 <= 00080000
                 295@0000305c: $ 8 <= 00080000
                 305@00003060: $10 <= 000c0000
                 315@00003064: $11 <= 000e0000
                 325@00003068: $ 9 <= 00080000
                 335@0000306c: $ 8 <= 00080000
                 345@00003070: $ 9 <= 00080000
                 355@00003074: $ 8 <= 00080000
                 365@00003078: $10 <= 000c0000
                 375@0000307c: $ 9 <= 00080000
                 385@00003080: $ 8 <= 00080000
                 395@00003084: $10 <= 000c0000
                 405@00003088: $11 <= 000e0000
                 415@0000308c: $ 9 <= 00080000
                 425@00003090: $ 8 <= 00080000
                 435@00003094: $ 9 <= 00080000
                 445@00003098: $10 <= 00080000
                 455@0000309c: $ 8 <= 00080000
                 465@000030a0: $ 9 <= 00080000
                 475@000030a4: $11 <= 00100000
                 485@000030a8: $10 <= 00080000
                 495@000030ac: $ 8 <= 00080000
                 505@000030b0: $ 9 <= 00080000
                 515@000030b4: $11 <= 00100000
                 525@000030b8: $12 <= 00100000
                 535@000030bc: $10 <= 00100000
                 545@000030c0: $ 8 <= 00000008
                 555@000030c4: $ 9 <= 0000000c
                 565@000030c8: $10 <= 00000010
                 575@000030cc: $11 <= 00000014
                 585@000030d0: $12 <= 00000018
                 595@000030d4: $13 <= 0000001c
                 595@000030d8: *00000008 <= 0000000c
                 615@000030dc: $16 <= 00000004
                 625@000030e0: $17 <= 00000008
                 635@000030e4: $18 <= 0000000c
                 645@000030e8: $14 <= 0000000c
                 665@000030ec: $15 <= 00000018
                 675@000030f0: $ 8 <= 00000008
                 685@000030f4: $ 9 <= 0000000c
                 695@000030f8: $10 <= 00000010
                 705@000030fc: $11 <= 00000014
                 715@00003100: $12 <= 00000018
                 715@00003104: *00000008 <= 0000000c
                 735@00003108: $16 <= 00000004
                 745@0000310c: $17 <= 00000008
                 755@00003110: $18 <= 0000000c
                 765@00003114: $14 <= 0000000c
                 775@00003118: $13 <= 0000001c
                 785@0000311c: $15 <= 00000018
                 795@00003120: $ 8 <= 00000008
                 805@00003124: $ 9 <= 0000000c
                 815@00003128: $10 <= 00000010
                 825@0000312c: $11 <= 00000014
                 835@00003130: $12 <= 00000018
                 835@00003134: *00000008 <= 0000000c
                 855@00003138: $16 <= 00000004
                 865@0000313c: $17 <= 00000008
                 875@00003140: $18 <= 0000000c
                 885@00003144: $14 <= 0000000c
                 895@00003148: $13 <= 0000001c
                 905@0000314c: $24 <= 00000020
                 915@00003150: $15 <= 00000018
                 925@00003154: $ 8 <= 00000008
                 935@00003158: $ 9 <= 0000000c
                 945@0000315c: $10 <= 00000010
                 955@00003160: $31 <= 00003168
                 965@00003164: $11 <= 000062d0
                 975@00003170: $14 <= 00000014
                 985@00003174: $ 8 <= 00000008
                 995@00003178: $ 9 <= 0000000c
# exit 0
