Running: /opt/Xilinx/14.7/ISE_DS/ISE/bin/lin64/unwrapped/fuse -intstyle ise -incremental -lib unisims_ver -lib unimacro_ver -lib xilinxcorelib_ver -lib secureip -o /home/co-eda/Desktop/homework/P/P1/ext/ext_tb_isim_beh.exe -prj /home/co-eda/Desktop/homework/P/P1/ext/ext_tb_beh.prj work.ext_tb work.glbl 
ISim P.20131013 (signature 0xfbc00daa)
Number of CPUs detected in this system: 1
Turning on mult-threading, number of parallel sub-compilation jobs: 0 
Determining compilation order of HDL files
Analyzing Verilog file "/home/co-eda/Desktop/homework/P/P1/ext/ext.v" into library work
Analyzing Verilog file "/home/co-eda/Desktop/homework/P/P1/ext/ext_tb.v" into library work
Analyzing Verilog file "/opt/Xilinx/14.7/ISE_DS/ISE//verilog/src/glbl.v" into library work
Starting static elaboration
Completed static elaboration
Fuse Memory Usage: 82752 KB
Fuse CPU Usage: 400 ms
Compiling module ext
Compiling module ext_tb
Compiling module glbl
Time Resolution for simulation is 1ps.
Compiled 3 Verilog Units
Built simulation executable /home/co-eda/Desktop/homework/P/P1/ext/ext_tb_isim_beh.exe
Fuse Memory Usage: 85848 KB
Fuse CPU Usage: 400 ms
GCC CPU Usage: 170 ms
